TN:
SF:src/config/config.ts
FNF:0
FNH:0
DA:1,1
DA:2,1
DA:3,1
DA:4,1
DA:5,1
DA:6,1
DA:7,1
DA:8,1
DA:9,1
DA:10,1
DA:11,1
DA:12,1
DA:13,1
DA:14,1
LF:14
LH:14
BRDA:6,0,0,0
BRDA:7,1,0,0
BRDA:8,2,0,0
BRF:3
BRH:0
end_of_record
TN:
SF:src/config/express.ts
FN:12,createServer
FNF:1
FNH:1
FNDA:2,createServer
DA:1,1
DA:2,1
DA:3,1
DA:4,1
DA:5,1
DA:6,1
DA:7,1
DA:8,1
DA:9,1
DA:10,1
DA:11,1
DA:12,1
DA:13,2
DA:14,2
DA:15,2
DA:16,2
DA:17,2
DA:18,2
DA:19,2
DA:20,2
DA:21,2
DA:22,2
DA:23,2
DA:24,2
DA:25,2
DA:26,2
DA:27,2
DA:28,2
DA:29,2
DA:30,2
DA:31,2
DA:32,2
DA:33,2
DA:34,2
DA:35,2
DA:36,2
DA:37,2
DA:38,2
DA:39,2
DA:40,2
DA:41,2
DA:42,2
DA:43,4
DA:44,4
DA:45,4
DA:46,4
DA:47,4
DA:48,4
DA:49,4
DA:50,4
DA:51,2
DA:52,2
DA:53,2
DA:54,2
DA:55,2
DA:56,2
DA:57,1
DA:58,1
LF:58
LH:58
BRDA:12,0,0,2
BRDA:42,1,0,4
BRDA:43,2,0,0
BRDA:44,3,0,0
BRDA:49,4,0,0
BRF:5
BRH:2
end_of_record
TN:
SF:src/config/logger.ts
FN:3,LoggerWrapper
FNF:1
FNH:1
FNDA:2,LoggerWrapper
DA:1,1
DA:2,1
DA:3,1
DA:4,2
DA:5,2
DA:6,2
DA:7,2
DA:8,2
DA:9,1
DA:10,1
LF:10
LH:10
BRDA:3,0,0,2
BRF:1
BRH:1
end_of_record
TN:
SF:src/constants/index.ts
FNF:0
FNH:0
DA:1,1
LF:1
LH:1
BRF:0
BRH:0
end_of_record
TN:
SF:src/controllers/encoder.ts
FN:7,generateShortUrl
FN:15,encodeUrl
FN:22,listUrls
FNF:3
FNH:2
FNDA:1,generateShortUrl
FNDA:1,encodeUrl
FNDA:0,listUrls
DA:1,1
DA:2,1
DA:3,1
DA:4,1
DA:5,1
DA:6,1
DA:7,1
DA:8,1
DA:9,1
DA:10,6
DA:11,6
DA:12,1
DA:13,1
DA:14,1
DA:15,1
DA:16,1
DA:17,1
DA:18,1
DA:19,1
DA:20,1
DA:21,1
DA:22,1
DA:23,0
DA:24,0
DA:25,0
DA:26,0
DA:27,0
DA:28,0
DA:29,0
LF:29
LH:22
BRDA:7,0,0,1
BRDA:9,1,0,6
BRDA:15,2,0,1
BRF:3
BRH:3
end_of_record
TN:
SF:src/routes/decode.ts
FNF:0
FNH:0
DA:1,1
DA:2,1
DA:3,1
DA:4,1
DA:5,1
DA:6,1
DA:7,1
DA:8,1
DA:9,4
DA:10,4
DA:11,4
DA:12,1
DA:13,1
DA:14,3
DA:15,3
DA:16,3
DA:17,4
DA:18,1
DA:19,1
DA:20,2
DA:21,2
DA:22,2
DA:23,1
DA:24,1
DA:25,1
LF:25
LH:25
BRDA:8,0,0,4
BRDA:11,1,0,3
BRDA:11,2,0,1
BRDA:14,3,0,3
BRDA:17,4,0,2
BRDA:17,5,0,1
BRF:6
BRH:6
end_of_record
TN:
SF:src/routes/encode.ts
FNF:0
FNH:0
DA:1,1
DA:2,1
DA:3,1
DA:4,1
DA:5,1
DA:6,1
DA:7,1
DA:8,1
DA:9,1
DA:10,1
DA:11,1
DA:12,2
DA:13,2
DA:14,2
DA:15,1
DA:16,1
DA:17,1
DA:18,1
DA:19,1
DA:20,1
DA:21,1
DA:22,2
DA:23,0
DA:24,0
DA:25,1
DA:26,1
DA:27,1
DA:28,1
DA:29,1
DA:30,1
DA:31,1
DA:32,1
DA:33,1
DA:34,1
LF:34
LH:32
BRDA:11,0,0,2
BRDA:14,1,0,1
BRDA:22,2,0,0
BRDA:25,3,0,1
BRF:4
BRH:3
end_of_record
TN:
SF:src/routes/list.ts
FNF:0
FNH:0
DA:1,1
DA:2,1
DA:3,1
DA:4,1
DA:5,1
DA:6,1
DA:7,0
DA:8,0
DA:9,1
DA:10,1
DA:11,1
LF:11
LH:9
BRF:0
BRH:0
end_of_record
TN:
SF:src/routes/redirect.ts
FNF:0
FNH:0
DA:1,1
DA:2,1
DA:3,1
DA:4,1
DA:5,1
DA:6,1
DA:7,1
DA:8,1
DA:9,0
DA:10,0
DA:11,0
DA:12,0
DA:13,0
DA:14,0
DA:15,0
DA:16,0
DA:17,0
DA:18,0
DA:19,0
DA:20,0
DA:21,0
DA:22,0
DA:23,0
DA:24,1
DA:25,1
DA:26,1
LF:26
LH:11
BRF:0
BRH:0
end_of_record
TN:
SF:src/routes/statistic.ts
FNF:0
FNH:0
DA:1,1
DA:2,1
DA:3,1
DA:4,1
DA:5,1
DA:6,1
DA:7,1
DA:8,1
DA:9,0
DA:10,0
DA:11,0
DA:12,0
DA:13,0
DA:14,0
DA:15,0
DA:16,0
DA:17,1
DA:18,1
DA:19,1
LF:19
LH:11
BRF:0
BRH:0
end_of_record
TN:
SF:src/utils/error.ts
FN:3,createError
FNF:1
FNH:1
FNDA:4,createError
DA:1,1
DA:2,1
DA:3,1
DA:4,4
DA:5,4
DA:6,4
DA:7,4
DA:8,4
LF:8
LH:8
BRDA:3,0,0,4
BRF:1
BRH:1
end_of_record
TN:
SF:src/utils/index.ts
FN:3,validateUrl
FNF:1
FNH:1
FNDA:1,validateUrl
DA:1,1
DA:2,1
DA:3,1
DA:4,1
DA:5,1
DA:6,1
DA:7,0
DA:8,0
DA:9,1
DA:10,1
DA:11,1
DA:12,1
DA:13,1
DA:14,1
DA:15,0
DA:16,0
DA:17,1
DA:18,1
DA:19,1
DA:20,0
DA:21,0
DA:22,0
DA:23,0
DA:24,0
DA:25,1
DA:26,1
DA:27,1
DA:28,0
DA:29,0
DA:30,1
DA:31,1
DA:32,1
DA:33,1
LF:33
LH:22
BRDA:3,0,0,1
BRDA:6,1,0,0
BRDA:14,2,0,0
BRDA:19,3,0,0
BRDA:27,4,0,0
BRF:5
BRH:1
end_of_record
